14:15:47.896 [main] INFO  resources.Base - testcase 8 passed
14:15:52.146 [main] INFO  resources.Base - Home page started
14:15:56.152 [main] INFO  resources.Base - test case 9 started
14:16:01.437 [main] INFO  resources.Base - testcase 9 passed
17:09:47.801 [main] INFO  resources.Base - Home page started
17:36:30.293 [main] INFO  resources.Base - Home page started
17:36:34.316 [main] INFO  resources.Base - Starting test case 1
17:36:40.305 [main] INFO  resources.Base - pop up closed
17:36:43.377 [main] INFO  resources.Base - page scrolled
17:36:43.377 [main] INFO  resources.Base - tc1 passed
17:36:47.082 [main] INFO  resources.Base - Home page started
17:36:52.271 [main] INFO  resources.Base - test case 10 started
17:36:54.308 [main] INFO  resources.Base - item selected
17:36:56.206 [main] INFO  resources.Base - item1 selected for compare
17:36:56.734 [main] INFO  resources.Base - item1 selected for compare
17:36:56.886 [main] INFO  resources.Base - items compared
17:36:57.279 [main] INFO  resources.Base - Compared item added to cart
17:36:57.292 [main] INFO  resources.Base - switching to child id
17:37:03.653 [main] INFO  resources.Base - testcase 10 passed
17:37:07.738 [main] INFO  resources.Base - Home page started
17:37:11.742 [main] INFO  resources.Base - testcase 11 started
17:37:11.961 [main] INFO  resources.Base - study button clicked
17:37:14.304 [main] INFO  resources.Base - table selection clicked
17:37:16.635 [main] INFO  resources.Base - added to wishlist
17:37:20.649 [main] INFO  resources.Base - Home page started
17:37:24.725 [main] INFO  resources.Base - testcase 12 started
17:37:31.720 [main] INFO  resources.Base - order button clicked
17:37:38.612 [main] INFO  resources.Base - Home page started
17:37:42.669 [main] INFO  resources.Base - testcase 13 started
17:37:47.489 [main] INFO  resources.Base - gift card clicked
17:37:47.926 [main] INFO  resources.Base - House warming gift card selected
17:37:48.086 [main] INFO  resources.Base - cost selected
17:37:48.275 [main] INFO  resources.Base - next button clicked
17:37:48.276 [main] INFO  resources.Base - testcase 13 passed
17:37:52.201 [main] INFO  resources.Base - Home page started
17:37:56.203 [main] INFO  resources.Base - testcase 14 started
17:37:56.342 [main] INFO  resources.Base - study button clicked
17:37:58.316 [main] INFO  resources.Base - table selection clicked
17:38:01.475 [main] INFO  resources.Base - table selection done
17:38:01.479 [main] INFO  resources.Base - switching to child id
17:38:06.000 [main] INFO  resources.Base - element clicked, item added to cart
17:38:06.000 [main] INFO  resources.Base - testcase 14 passed
17:38:10.001 [main] INFO  resources.Base - Home page started
17:38:14.003 [main] INFO  resources.Base - testcase 15 started
17:38:19.059 [main] INFO  resources.Base - Stores button clicked
17:38:21.497 [main] INFO  resources.Base - store selected to view
17:38:23.474 [main] INFO  resources.Base - Maps button clicked
17:38:23.474 [main] INFO  resources.Base - testcase 15 passed
17:38:27.178 [main] INFO  resources.Base - Home page started
17:38:31.182 [main] INFO  resources.Base - test case 2 started
17:38:32.698 [main] INFO  resources.Base - stories button visible and clicked
17:38:37.101 [main] INFO  resources.Base - test case 2 passed
17:38:41.183 [main] INFO  resources.Base - Home page started
17:38:45.190 [main] INFO  resources.Base - testcase 3 started
17:38:46.832 [main] INFO  resources.Base - image clicked
17:38:47.432 [main] INFO  resources.Base - image closed
17:38:47.432 [main] INFO  resources.Base - tc3 passed
17:38:51.553 [main] INFO  resources.Base - Home page started
17:38:55.555 [main] INFO  resources.Base - test case 4 started
17:38:57.013 [main] INFO  resources.Base - image clicked
17:39:12.137 [main] INFO  resources.Base - Home page started
17:39:16.138 [main] INFO  resources.Base - test case 5 started
17:39:16.174 [main] INFO  resources.Base - search clicked
17:39:16.320 [main] INFO  resources.Base - test case 5 passed
17:39:20.084 [main] INFO  resources.Base - Home page started
17:39:24.086 [main] INFO  resources.Base - test case 6 started
17:39:24.367 [main] INFO  resources.Base - data entered
17:39:25.822 [main] INFO  resources.Base - enter button clicked
17:39:25.822 [main] INFO  resources.Base - test case 6 passed
17:39:29.779 [main] INFO  resources.Base - Home page started
17:39:33.786 [main] INFO  resources.Base - test case 7 started
17:39:35.712 [main] INFO  resources.Base - drop down verified
17:39:35.715 [main] INFO  resources.Base - assertion started
17:39:35.715 [main] INFO  resources.Base - assertion passed
17:39:35.715 [main] INFO  resources.Base - testcase 7 completed
17:39:40.104 [main] INFO  resources.Base - Home page started
17:39:44.141 [main] INFO  resources.Base - test case 8 started
17:39:45.268 [main] INFO  resources.Base - element clicked
17:39:45.268 [main] INFO  resources.Base - changing to child window
